Abaqus/Explicit 2022                            DATE 24-sep.-2023  TIME 20:16:36
-------------------------------------------------------------------------------
 PREPROCESSOR WARNING MESSAGES
-------------------------------------------------------------------------------


***WARNING: There are 3 warning messages in the data (.dat) file.  Please
            check the data file for possible errors in the input file.


-------------------------------------------------------------------------------
  USER SUBROUTINE VUMAT
-------------------------------------------------------------------------------


***WARNING: A material defined in user subroutine VUMAT must be defined as
            purely elastic (using the initial elastic modulus) at the
            beginning of the analysis (stepTime=0). This is an informative
            message. It does not necessarily indicate that user subroutine
            VUMAT is incorrectly defined.


-------------------------------------------------------------------------------
 MODEL INFORMATION (IN GLOBAL X-Y COORDINATES)
-------------------------------------------------------------------------------

   Total mass in model = 6.75000E-07
   Center of mass of model = ( 5.500000E+00, 2.500000E+00, 2.500000E+00)

    Moments of Inertia :
                 About Center of Mass              About Origin
      I(XX)          8.437501E-06                  1.687500E-05
      I(YY)          1.451250E-05                  3.915000E-05
      I(ZZ)          1.451250E-05                  3.915000E-05
      I(XY)         -4.351805E-13                 -9.281250E-06
      I(YZ)         -1.421085E-13                 -4.218750E-06
      I(ZX)         -4.351805E-13                 -9.281250E-06

-------------------------------------------------------------------------------
 STABLE TIME INCREMENT INFORMATION
-------------------------------------------------------------------------------


  The stable time increment estimate for each element is based on
  linearization about the initial state.


   Initial time increment = 5.37591E-07

   Statistics for all elements:
      Mean = 5.51739E-07
      Standard deviation = 2.00061E-08

   Most critical elements:
    Element number   Rank    Time increment   Increment ratio
    (Instance name)
   ----------------------------------------------------------
           1          1       5.375915E-07      1.000000E+00
    VUMAT
           1          2       5.658857E-07      9.500000E-01
    REF


  Instance name for the most critical element will be printed if the critical
  element changes or at the beginning of a new page.



Abaqus/Explicit 2022                            DATE 24-sep.-2023  TIME 20:16:37

The double precision Abaqus/Explicit executable will be used in this analysis.


-------------------------------------------------------------------------------
 SOLUTION PROGRESS
-------------------------------------------------------------------------------

 STEP 1  ORIGIN 0.0000

  Total memory used for step 1 is approximately 333.5 kilobytes.
  Global time estimation algorithm will be used.
  Scaling factor:  0.50000
              STEP     TOTAL      WALL      STABLE    CRITICAL    KINETIC      TOTAL
INCREMENT     TIME      TIME      TIME   INCREMENT     ELEMENT     ENERGY     ENERGY
        0  0.000E+00 0.000E+00  00:00:00 2.688E-07           1  0.000E+00  0.000E+00
INSTANCE WITH CRITICAL ELEMENT: VUMAT
Output Field Frame Number   0, of  150, at step time 0.000E+00
     1241  3.333E-04 3.333E-04  00:00:00 2.688E-07           1  8.770E-05 -2.407E-07
INSTANCE WITH CRITICAL ELEMENT: VUMAT
Output Field Frame Number   1, of  150, at step time 3.333E-04
     2483  6.667E-04 6.667E-04  00:00:00 2.686E-07           1  1.241E-03 -9.779E-05
INSTANCE WITH CRITICAL ELEMENT: VUMAT
Output Field Frame Number   2, of  150, at step time 6.667E-04
     3726  1.000E-03 1.000E-03  00:00:00 2.682E-07           1  1.983E-03 -1.025E-03
INSTANCE WITH CRITICAL ELEMENT: VUMAT
Output Field Frame Number   3, of  150, at step time 1.000E-03
     4971  1.333E-03 1.333E-03  00:00:00 2.678E-07           1  1.978E-03 -2.995E-03
INSTANCE WITH CRITICAL ELEMENT: VUMAT
Output Field Frame Number   4, of  150, at step time 1.333E-03
     6218  1.667E-03 1.667E-03  00:00:00 2.673E-07           1  1.974E-03 -5.906E-03
INSTANCE WITH CRITICAL ELEMENT: VUMAT
Output Field Frame Number   5, of  150, at step time 1.667E-03
     7467  2.000E-03 2.000E-03  00:00:00 2.669E-07           1  1.969E-03 -9.727E-03
INSTANCE WITH CRITICAL ELEMENT: VUMAT
Output Field Frame Number   6, of  150, at step time 2.000E-03
     8718  2.333E-03 2.333E-03  00:00:00 2.665E-07           1  1.964E-03 -1.443E-02
INSTANCE WITH CRITICAL ELEMENT: VUMAT
Output Field Frame Number   7, of  150, at step time 2.333E-03
     9971  2.667E-03 2.667E-03  00:00:00 2.661E-07           1  1.960E-03 -1.999E-02
INSTANCE WITH CRITICAL ELEMENT: VUMAT
Output Field Frame Number   8, of  150, at step time 2.667E-03
    11226  3.000E-03 3.000E-03  00:00:00 2.656E-07           1  1.955E-03 -2.638E-02
INSTANCE WITH CRITICAL ELEMENT: VUMAT
Output Field Frame Number   9, of  150, at step time 3.000E-03
    12483  3.333E-03 3.333E-03  00:00:00 2.652E-07           1  1.951E-03 -3.357E-02
INSTANCE WITH CRITICAL ELEMENT: VUMAT
Output Field Frame Number  10, of  150, at step time 3.333E-03
    13742  3.667E-03 3.667E-03  00:00:00 2.648E-07           1  1.946E-03 -4.154E-02
INSTANCE WITH CRITICAL ELEMENT: VUMAT
Output Field Frame Number  11, of  150, at step time 3.667E-03
    15003  4.000E-03 4.000E-03  00:00:00 2.644E-07           1  1.942E-03 -5.026E-02
INSTANCE WITH CRITICAL ELEMENT: VUMAT
Output Field Frame Number  12, of  150, at step time 4.000E-03
    16266  4.333E-03 4.333E-03  00:00:00 2.639E-07           1  1.938E-03 -5.971E-02
INSTANCE WITH CRITICAL ELEMENT: VUMAT
Output Field Frame Number  13, of  150, at step time 4.333E-03
    17531  4.667E-03 4.667E-03  00:00:00 2.635E-07           1  1.934E-03 -6.987E-02
INSTANCE WITH CRITICAL ELEMENT: VUMAT
Output Field Frame Number  14, of  150, at step time 4.667E-03
    18798  5.000E-03 5.000E-03  00:00:01 2.631E-07           1  1.930E-03 -8.072E-02
INSTANCE WITH CRITICAL ELEMENT: VUMAT
Output Field Frame Number  15, of  150, at step time 5.000E-03
    20067  5.333E-03 5.333E-03  00:00:01 2.627E-07           1  1.926E-03 -9.222E-02
INSTANCE WITH CRITICAL ELEMENT: VUMAT
Output Field Frame Number  16, of  150, at step time 5.333E-03
    21338  5.667E-03 5.667E-03  00:00:01 2.622E-07           1  1.923E-03 -1.044E-01
INSTANCE WITH CRITICAL ELEMENT: VUMAT
Output Field Frame Number  17, of  150, at step time 5.667E-03
    22611  6.000E-03 6.000E-03  00:00:01 2.618E-07           1  1.919E-03 -1.172E-01
INSTANCE WITH CRITICAL ELEMENT: VUMAT
Output Field Frame Number  18, of  150, at step time 6.000E-03
    23886  6.333E-03 6.333E-03  00:00:01 2.614E-07           1  1.915E-03 -1.305E-01
INSTANCE WITH CRITICAL ELEMENT: VUMAT
Output Field Frame Number  19, of  150, at step time 6.333E-03
    25163  6.667E-03 6.667E-03  00:00:01 2.609E-07           1  1.912E-03 -1.445E-01
INSTANCE WITH CRITICAL ELEMENT: VUMAT
Output Field Frame Number  20, of  150, at step time 6.667E-03
    26442  7.000E-03 7.000E-03  00:00:01 2.605E-07           1  1.909E-03 -1.590E-01
INSTANCE WITH CRITICAL ELEMENT: VUMAT
Output Field Frame Number  21, of  150, at step time 7.000E-03
    27723  7.333E-03 7.333E-03  00:00:01 2.601E-07           1  1.905E-03 -1.741E-01
INSTANCE WITH CRITICAL ELEMENT: VUMAT
Output Field Frame Number  22, of  150, at step time 7.333E-03
    29006  7.667E-03 7.667E-03  00:00:01 2.597E-07           1  1.902E-03 -1.897E-01
INSTANCE WITH CRITICAL ELEMENT: VUMAT
Output Field Frame Number  23, of  150, at step time 7.667E-03
    30291  8.000E-03 8.000E-03  00:00:01 2.592E-07           1  1.899E-03 -2.058E-01
INSTANCE WITH CRITICAL ELEMENT: VUMAT
Output Field Frame Number  24, of  150, at step time 8.000E-03
    31578  8.333E-03 8.333E-03  00:00:01 2.588E-07           1  1.896E-03 -2.225E-01
INSTANCE WITH CRITICAL ELEMENT: VUMAT
Output Field Frame Number  25, of  150, at step time 8.333E-03
    32868  8.667E-03 8.667E-03  00:00:01 2.584E-07           1  1.892E-03 -2.395E-01
INSTANCE WITH CRITICAL ELEMENT: VUMAT
Output Field Frame Number  26, of  150, at step time 8.667E-03
    34160  9.000E-03 9.000E-03  00:00:01 2.580E-07           1  1.889E-03 -2.571E-01
INSTANCE WITH CRITICAL ELEMENT: VUMAT
Output Field Frame Number  27, of  150, at step time 9.000E-03
    35454  9.333E-03 9.333E-03  00:00:01 2.575E-07           1  1.886E-03 -2.751E-01
INSTANCE WITH CRITICAL ELEMENT: VUMAT
Output Field Frame Number  28, of  150, at step time 9.333E-03
    36750  9.667E-03 9.667E-03  00:00:01 2.571E-07           1  1.884E-03 -2.936E-01
INSTANCE WITH CRITICAL ELEMENT: VUMAT
Output Field Frame Number  29, of  150, at step time 9.667E-03
    38048  1.000E-02 1.000E-02  00:00:01 2.567E-07           1  1.881E-03 -3.124E-01
INSTANCE WITH CRITICAL ELEMENT: VUMAT
Output Field Frame Number  30, of  150, at step time 1.000E-02
    39349  1.033E-02 1.033E-02  00:00:01 2.563E-07           1  1.878E-03 -3.317E-01
INSTANCE WITH CRITICAL ELEMENT: VUMAT
Output Field Frame Number  31, of  150, at step time 1.033E-02
    40652  1.067E-02 1.067E-02  00:00:01 2.558E-07           1  1.875E-03 -3.513E-01
INSTANCE WITH CRITICAL ELEMENT: VUMAT
Output Field Frame Number  32, of  150, at step time 1.067E-02
    41957  1.100E-02 1.100E-02  00:00:02 2.554E-07           1  1.873E-03 -3.714E-01
INSTANCE WITH CRITICAL ELEMENT: VUMAT
Output Field Frame Number  33, of  150, at step time 1.100E-02
    43264  1.133E-02 1.133E-02  00:00:02 2.550E-07           1  1.870E-03 -3.918E-01
INSTANCE WITH CRITICAL ELEMENT: VUMAT
Output Field Frame Number  34, of  150, at step time 1.133E-02
    44573  1.167E-02 1.167E-02  00:00:02 2.546E-07           1  1.867E-03 -4.126E-01
INSTANCE WITH CRITICAL ELEMENT: VUMAT
Output Field Frame Number  35, of  150, at step time 1.167E-02
    45884  1.200E-02 1.200E-02  00:00:02 2.541E-07           1  1.865E-03 -4.337E-01
INSTANCE WITH CRITICAL ELEMENT: VUMAT
Output Field Frame Number  36, of  150, at step time 1.200E-02
    47197  1.233E-02 1.233E-02  00:00:02 2.537E-07           1  1.862E-03 -4.551E-01
INSTANCE WITH CRITICAL ELEMENT: VUMAT
Output Field Frame Number  37, of  150, at step time 1.233E-02
    48513  1.267E-02 1.267E-02  00:00:02 2.533E-07           1  1.860E-03 -4.769E-01
INSTANCE WITH CRITICAL ELEMENT: VUMAT
Output Field Frame Number  38, of  150, at step time 1.267E-02
    49831  1.300E-02 1.300E-02  00:00:02 2.529E-07           1  1.858E-03 -4.990E-01
INSTANCE WITH CRITICAL ELEMENT: VUMAT
Output Field Frame Number  39, of  150, at step time 1.300E-02

 STEP 1  ORIGIN 0.0000

              STEP     TOTAL      WALL      STABLE    CRITICAL    KINETIC      TOTAL
INCREMENT     TIME      TIME      TIME   INCREMENT     ELEMENT     ENERGY     ENERGY
    51151  1.333E-02 1.333E-02  00:00:02 2.525E-07           1  1.855E-03 -5.213E-01
INSTANCE WITH CRITICAL ELEMENT: VUMAT
Output Field Frame Number  40, of  150, at step time 1.333E-02
    52473  1.367E-02 1.367E-02  00:00:02 2.521E-07           1  1.853E-03 -5.440E-01
INSTANCE WITH CRITICAL ELEMENT: VUMAT
Output Field Frame Number  41, of  150, at step time 1.367E-02
    53797  1.400E-02 1.400E-02  00:00:02 2.516E-07           1  1.851E-03 -5.670E-01
INSTANCE WITH CRITICAL ELEMENT: VUMAT
Output Field Frame Number  42, of  150, at step time 1.400E-02
    55124  1.433E-02 1.433E-02  00:00:02 2.512E-07           1  1.848E-03 -5.902E-01
INSTANCE WITH CRITICAL ELEMENT: VUMAT
Output Field Frame Number  43, of  150, at step time 1.433E-02
    56453  1.467E-02 1.467E-02  00:00:02 2.508E-07           1  1.846E-03 -6.136E-01
INSTANCE WITH CRITICAL ELEMENT: VUMAT
Output Field Frame Number  44, of  150, at step time 1.467E-02
    57784  1.500E-02 1.500E-02  00:00:02 2.504E-07           1  1.844E-03 -6.374E-01
INSTANCE WITH CRITICAL ELEMENT: VUMAT
Output Field Frame Number  45, of  150, at step time 1.500E-02
    59117  1.533E-02 1.533E-02  00:00:02 2.500E-07           1  1.842E-03 -6.613E-01
INSTANCE WITH CRITICAL ELEMENT: VUMAT
Output Field Frame Number  46, of  150, at step time 1.533E-02
    60452  1.567E-02 1.567E-02  00:00:02 2.496E-07           1  1.840E-03 -6.855E-01
INSTANCE WITH CRITICAL ELEMENT: VUMAT
Output Field Frame Number  47, of  150, at step time 1.567E-02
    61790  1.600E-02 1.600E-02  00:00:02 2.491E-07           1  1.838E-03 -7.099E-01
INSTANCE WITH CRITICAL ELEMENT: VUMAT
Output Field Frame Number  48, of  150, at step time 1.600E-02
    63130  1.633E-02 1.633E-02  00:00:02 2.487E-07           1  1.836E-03 -7.346E-01
INSTANCE WITH CRITICAL ELEMENT: VUMAT
Output Field Frame Number  49, of  150, at step time 1.633E-02
    64472  1.667E-02 1.667E-02  00:00:02 2.483E-07           1  1.834E-03 -7.594E-01
INSTANCE WITH CRITICAL ELEMENT: VUMAT
Output Field Frame Number  50, of  150, at step time 1.667E-02
    65816  1.700E-02 1.700E-02  00:00:03 2.479E-07           1  1.832E-03 -7.845E-01
INSTANCE WITH CRITICAL ELEMENT: VUMAT
Output Field Frame Number  51, of  150, at step time 1.700E-02
    67162  1.733E-02 1.733E-02  00:00:03 2.475E-07           1  1.830E-03 -8.097E-01
INSTANCE WITH CRITICAL ELEMENT: VUMAT
Output Field Frame Number  52, of  150, at step time 1.733E-02
    68511  1.767E-02 1.767E-02  00:00:03 2.471E-07           1  1.829E-03 -8.351E-01
INSTANCE WITH CRITICAL ELEMENT: VUMAT
Output Field Frame Number  53, of  150, at step time 1.767E-02
    69862  1.800E-02 1.800E-02  00:00:03 2.467E-07           1  1.827E-03 -8.607E-01
INSTANCE WITH CRITICAL ELEMENT: VUMAT
Output Field Frame Number  54, of  150, at step time 1.800E-02
    71215  1.833E-02 1.833E-02  00:00:03 2.463E-07           1  1.825E-03 -8.865E-01
INSTANCE WITH CRITICAL ELEMENT: VUMAT
Output Field Frame Number  55, of  150, at step time 1.833E-02
    72570  1.867E-02 1.867E-02  00:00:03 2.459E-07           1  1.823E-03 -9.124E-01
INSTANCE WITH CRITICAL ELEMENT: VUMAT
Output Field Frame Number  56, of  150, at step time 1.867E-02
    73927  1.900E-02 1.900E-02  00:00:03 2.455E-07           1  1.821E-03 -9.385E-01
INSTANCE WITH CRITICAL ELEMENT: VUMAT
Output Field Frame Number  57, of  150, at step time 1.900E-02
    75287  1.933E-02 1.933E-02  00:00:03 2.451E-07           1  1.820E-03 -9.648E-01
INSTANCE WITH CRITICAL ELEMENT: VUMAT
Output Field Frame Number  58, of  150, at step time 1.933E-02
    76649  1.967E-02 1.967E-02  00:00:03 2.447E-07           1  1.818E-03 -9.911E-01
INSTANCE WITH CRITICAL ELEMENT: VUMAT
Output Field Frame Number  59, of  150, at step time 1.967E-02
    78013  2.000E-02 2.000E-02  00:00:03 2.443E-07           1  1.817E-03 -1.018E+00
INSTANCE WITH CRITICAL ELEMENT: VUMAT
Output Field Frame Number  60, of  150, at step time 2.000E-02
    79380  2.033E-02 2.033E-02  00:00:03 2.439E-07           1  1.815E-03 -1.044E+00
INSTANCE WITH CRITICAL ELEMENT: VUMAT
Output Field Frame Number  61, of  150, at step time 2.033E-02
    80749  2.067E-02 2.067E-02  00:00:03 2.435E-07           1  1.813E-03 -1.071E+00
INSTANCE WITH CRITICAL ELEMENT: VUMAT
Output Field Frame Number  62, of  150, at step time 2.067E-02
    82120  2.100E-02 2.100E-02  00:00:03 2.431E-07           1  1.812E-03 -1.098E+00
INSTANCE WITH CRITICAL ELEMENT: VUMAT
Output Field Frame Number  63, of  150, at step time 2.100E-02
    83493  2.133E-02 2.133E-02  00:00:03 2.427E-07           1  1.810E-03 -1.125E+00
INSTANCE WITH CRITICAL ELEMENT: VUMAT
Output Field Frame Number  64, of  150, at step time 2.133E-02
    84868  2.167E-02 2.167E-02  00:00:03 2.423E-07           1  1.809E-03 -1.152E+00
INSTANCE WITH CRITICAL ELEMENT: VUMAT
Output Field Frame Number  65, of  150, at step time 2.167E-02
    86246  2.200E-02 2.200E-02  00:00:03 2.419E-07           1  1.807E-03 -1.179E+00
INSTANCE WITH CRITICAL ELEMENT: VUMAT
Output Field Frame Number  66, of  150, at step time 2.200E-02
    87626  2.233E-02 2.233E-02  00:00:03 2.415E-07           1  1.806E-03 -1.207E+00
INSTANCE WITH CRITICAL ELEMENT: VUMAT
Output Field Frame Number  67, of  150, at step time 2.233E-02
    89008  2.267E-02 2.267E-02  00:00:03 2.411E-07           1  1.804E-03 -1.234E+00
INSTANCE WITH CRITICAL ELEMENT: VUMAT
Output Field Frame Number  68, of  150, at step time 2.267E-02
    90393  2.300E-02 2.300E-02  00:00:04 2.407E-07           1  1.803E-03 -1.262E+00
INSTANCE WITH CRITICAL ELEMENT: VUMAT
Output Field Frame Number  69, of  150, at step time 2.300E-02
    91780  2.333E-02 2.333E-02  00:00:04 2.403E-07           1  1.802E-03 -1.289E+00
INSTANCE WITH CRITICAL ELEMENT: VUMAT
Output Field Frame Number  70, of  150, at step time 2.333E-02
    93169  2.367E-02 2.367E-02  00:00:04 2.400E-07           1  1.800E-03 -1.317E+00
INSTANCE WITH CRITICAL ELEMENT: VUMAT
Output Field Frame Number  71, of  150, at step time 2.367E-02
    94560  2.400E-02 2.400E-02  00:00:04 2.396E-07           1  1.799E-03 -1.345E+00
INSTANCE WITH CRITICAL ELEMENT: VUMAT
Output Field Frame Number  72, of  150, at step time 2.400E-02
    95953  2.433E-02 2.433E-02  00:00:04 2.392E-07           1  1.798E-03 -1.373E+00
INSTANCE WITH CRITICAL ELEMENT: VUMAT
Output Field Frame Number  73, of  150, at step time 2.433E-02
    97349  2.467E-02 2.467E-02  00:00:04 2.388E-07           1  1.796E-03 -1.400E+00
INSTANCE WITH CRITICAL ELEMENT: VUMAT
Output Field Frame Number  74, of  150, at step time 2.467E-02
    98747  2.500E-02 2.500E-02  00:00:04 2.384E-07           1  1.795E-03 -1.428E+00
INSTANCE WITH CRITICAL ELEMENT: VUMAT
Output Field Frame Number  75, of  150, at step time 2.500E-02
   100147  2.533E-02 2.533E-02  00:00:04 2.380E-07           1  1.794E-03 -1.457E+00
INSTANCE WITH CRITICAL ELEMENT: VUMAT
Output Field Frame Number  76, of  150, at step time 2.533E-02
   101549  2.567E-02 2.567E-02  00:00:04 2.376E-07           1  1.793E-03 -1.485E+00
INSTANCE WITH CRITICAL ELEMENT: VUMAT
Output Field Frame Number  77, of  150, at step time 2.567E-02
   102953  2.600E-02 2.600E-02  00:00:04 2.373E-07           1  1.792E-03 -1.513E+00
INSTANCE WITH CRITICAL ELEMENT: VUMAT
Output Field Frame Number  78, of  150, at step time 2.600E-02
   104360  2.633E-02 2.633E-02  00:00:04 2.369E-07           1  1.790E-03 -1.541E+00
INSTANCE WITH CRITICAL ELEMENT: VUMAT
Output Field Frame Number  79, of  150, at step time 2.633E-02

 STEP 1  ORIGIN 0.0000

              STEP     TOTAL      WALL      STABLE    CRITICAL    KINETIC      TOTAL
INCREMENT     TIME      TIME      TIME   INCREMENT     ELEMENT     ENERGY     ENERGY
   105769  2.667E-02 2.667E-02  00:00:04 2.365E-07           1  1.789E-03 -1.569E+00
INSTANCE WITH CRITICAL ELEMENT: VUMAT
Output Field Frame Number  80, of  150, at step time 2.667E-02
   107180  2.700E-02 2.700E-02  00:00:04 2.361E-07           1  1.788E-03 -1.598E+00
INSTANCE WITH CRITICAL ELEMENT: VUMAT
Output Field Frame Number  81, of  150, at step time 2.700E-02
   108594  2.733E-02 2.733E-02  00:00:04 2.358E-07           1  1.787E-03 -1.626E+00
INSTANCE WITH CRITICAL ELEMENT: VUMAT
Output Field Frame Number  82, of  150, at step time 2.733E-02
   110010  2.767E-02 2.767E-02  00:00:04 2.354E-07           1  1.786E-03 -1.654E+00
INSTANCE WITH CRITICAL ELEMENT: VUMAT
Output Field Frame Number  83, of  150, at step time 2.767E-02
   111428  2.800E-02 2.800E-02  00:00:04 2.350E-07           1  1.785E-03 -1.683E+00
INSTANCE WITH CRITICAL ELEMENT: VUMAT
Output Field Frame Number  84, of  150, at step time 2.800E-02
   112848  2.833E-02 2.833E-02  00:00:04 2.346E-07           1  1.784E-03 -1.711E+00
INSTANCE WITH CRITICAL ELEMENT: VUMAT
Output Field Frame Number  85, of  150, at step time 2.833E-02
   114270  2.867E-02 2.867E-02  00:00:05 2.343E-07           1  1.783E-03 -1.739E+00
INSTANCE WITH CRITICAL ELEMENT: VUMAT
Output Field Frame Number  86, of  150, at step time 2.867E-02
   115695  2.900E-02 2.900E-02  00:00:05 2.339E-07           1  1.782E-03 -1.768E+00
INSTANCE WITH CRITICAL ELEMENT: VUMAT
Output Field Frame Number  87, of  150, at step time 2.900E-02
   117122  2.933E-02 2.933E-02  00:00:05 2.335E-07           1  1.780E-03 -1.796E+00
INSTANCE WITH CRITICAL ELEMENT: VUMAT
Output Field Frame Number  88, of  150, at step time 2.933E-02
   118551  2.967E-02 2.967E-02  00:00:05 2.332E-07           1  1.779E-03 -1.825E+00
INSTANCE WITH CRITICAL ELEMENT: VUMAT
Output Field Frame Number  89, of  150, at step time 2.967E-02
   119983  3.000E-02 3.000E-02  00:00:05 2.328E-07           1  1.778E-03 -1.854E+00
INSTANCE WITH CRITICAL ELEMENT: VUMAT
Output Field Frame Number  90, of  150, at step time 3.000E-02
   121417  3.033E-02 3.033E-02  00:00:05 2.324E-07           1  1.777E-03 -1.882E+00
INSTANCE WITH CRITICAL ELEMENT: VUMAT
Output Field Frame Number  91, of  150, at step time 3.033E-02
   122853  3.067E-02 3.067E-02  00:00:05 2.321E-07           1  1.777E-03 -1.911E+00
INSTANCE WITH CRITICAL ELEMENT: VUMAT
Output Field Frame Number  92, of  150, at step time 3.067E-02
   124291  3.100E-02 3.100E-02  00:00:05 2.317E-07           1  1.776E-03 -1.939E+00
INSTANCE WITH CRITICAL ELEMENT: VUMAT
Output Field Frame Number  93, of  150, at step time 3.100E-02
   125731  3.133E-02 3.133E-02  00:00:05 2.313E-07           1  1.775E-03 -1.968E+00
INSTANCE WITH CRITICAL ELEMENT: VUMAT
Output Field Frame Number  94, of  150, at step time 3.133E-02
   127174  3.167E-02 3.167E-02  00:00:05 2.310E-07           1  1.774E-03 -1.996E+00
INSTANCE WITH CRITICAL ELEMENT: VUMAT
Output Field Frame Number  95, of  150, at step time 3.167E-02
   128619  3.200E-02 3.200E-02  00:00:05 2.306E-07           1  1.773E-03 -2.025E+00
INSTANCE WITH CRITICAL ELEMENT: VUMAT
Output Field Frame Number  96, of  150, at step time 3.200E-02
   130066  3.233E-02 3.233E-02  00:00:05 2.303E-07           1  1.772E-03 -2.054E+00
INSTANCE WITH CRITICAL ELEMENT: VUMAT
Output Field Frame Number  97, of  150, at step time 3.233E-02
   131516  3.267E-02 3.267E-02  00:00:05 2.299E-07           1  1.771E-03 -2.082E+00
INSTANCE WITH CRITICAL ELEMENT: VUMAT
Output Field Frame Number  98, of  150, at step time 3.267E-02
   132968  3.300E-02 3.300E-02  00:00:05 2.296E-07           1  1.770E-03 -2.111E+00
INSTANCE WITH CRITICAL ELEMENT: VUMAT
Output Field Frame Number  99, of  150, at step time 3.300E-02
   134422  3.333E-02 3.333E-02  00:00:05 2.292E-07           1  1.769E-03 -2.139E+00
INSTANCE WITH CRITICAL ELEMENT: VUMAT
Output Field Frame Number 100, of  150, at step time 3.333E-02
   135878  3.367E-02 3.367E-02  00:00:05 2.289E-07           1  1.768E-03 -2.168E+00
INSTANCE WITH CRITICAL ELEMENT: VUMAT
Output Field Frame Number 101, of  150, at step time 3.367E-02
   137336  3.400E-02 3.400E-02  00:00:05 2.285E-07           1  1.768E-03 -2.196E+00
INSTANCE WITH CRITICAL ELEMENT: VUMAT
Output Field Frame Number 102, of  150, at step time 3.400E-02
   138797  3.433E-02 3.433E-02  00:00:06 2.282E-07           1  1.767E-03 -2.225E+00
INSTANCE WITH CRITICAL ELEMENT: VUMAT
Output Field Frame Number 103, of  150, at step time 3.433E-02
   140260  3.467E-02 3.467E-02  00:00:06 2.278E-07           1  1.766E-03 -2.253E+00
INSTANCE WITH CRITICAL ELEMENT: VUMAT
Output Field Frame Number 104, of  150, at step time 3.467E-02
   141725  3.500E-02 3.500E-02  00:00:06 2.275E-07           1  1.765E-03 -2.282E+00
INSTANCE WITH CRITICAL ELEMENT: VUMAT
Output Field Frame Number 105, of  150, at step time 3.500E-02
   143193  3.533E-02 3.533E-02  00:00:06 2.271E-07           1  1.764E-03 -2.310E+00
INSTANCE WITH CRITICAL ELEMENT: VUMAT
Output Field Frame Number 106, of  150, at step time 3.533E-02
   144663  3.567E-02 3.567E-02  00:00:06 2.268E-07           1  1.764E-03 -2.339E+00
INSTANCE WITH CRITICAL ELEMENT: VUMAT
Output Field Frame Number 107, of  150, at step time 3.567E-02
   146135  3.600E-02 3.600E-02  00:00:06 2.264E-07           1  1.763E-03 -2.367E+00
INSTANCE WITH CRITICAL ELEMENT: VUMAT
Output Field Frame Number 108, of  150, at step time 3.600E-02
   147609  3.633E-02 3.633E-02  00:00:06 2.261E-07           1  1.762E-03 -2.396E+00
INSTANCE WITH CRITICAL ELEMENT: VUMAT
Output Field Frame Number 109, of  150, at step time 3.633E-02
   149085  3.667E-02 3.667E-02  00:00:06 2.257E-07           1  1.761E-03 -2.424E+00
INSTANCE WITH CRITICAL ELEMENT: VUMAT
Output Field Frame Number 110, of  150, at step time 3.667E-02
   150564  3.700E-02 3.700E-02  00:00:06 2.254E-07           1  1.761E-03 -2.452E+00
INSTANCE WITH CRITICAL ELEMENT: VUMAT
Output Field Frame Number 111, of  150, at step time 3.700E-02
   152045  3.733E-02 3.733E-02  00:00:06 2.251E-07           1  1.760E-03 -2.481E+00
INSTANCE WITH CRITICAL ELEMENT: VUMAT
Output Field Frame Number 112, of  150, at step time 3.733E-02
   153528  3.767E-02 3.767E-02  00:00:06 2.247E-07           1  1.759E-03 -2.509E+00
INSTANCE WITH CRITICAL ELEMENT: VUMAT
Output Field Frame Number 113, of  150, at step time 3.767E-02
   155013  3.800E-02 3.800E-02  00:00:06 2.244E-07           1  1.758E-03 -2.537E+00
INSTANCE WITH CRITICAL ELEMENT: VUMAT
Output Field Frame Number 114, of  150, at step time 3.800E-02
   156500  3.833E-02 3.833E-02  00:00:06 2.240E-07           1  1.758E-03 -2.566E+00
INSTANCE WITH CRITICAL ELEMENT: VUMAT
Output Field Frame Number 115, of  150, at step time 3.833E-02
   157990  3.867E-02 3.867E-02  00:00:06 2.237E-07           1  1.757E-03 -2.594E+00
INSTANCE WITH CRITICAL ELEMENT: VUMAT
Output Field Frame Number 116, of  150, at step time 3.867E-02
   159482  3.900E-02 3.900E-02  00:00:06 2.234E-07           1  1.756E-03 -2.622E+00
INSTANCE WITH CRITICAL ELEMENT: VUMAT
Output Field Frame Number 117, of  150, at step time 3.900E-02
   160976  3.933E-02 3.933E-02  00:00:06 2.230E-07           1  1.756E-03 -2.650E+00
INSTANCE WITH CRITICAL ELEMENT: VUMAT
Output Field Frame Number 118, of  150, at step time 3.933E-02
   162473  3.967E-02 3.967E-02  00:00:07 2.227E-07           1  1.755E-03 -2.678E+00
INSTANCE WITH CRITICAL ELEMENT: VUMAT
Output Field Frame Number 119, of  150, at step time 3.967E-02

 STEP 1  ORIGIN 0.0000

              STEP     TOTAL      WALL      STABLE    CRITICAL    KINETIC      TOTAL
INCREMENT     TIME      TIME      TIME   INCREMENT     ELEMENT     ENERGY     ENERGY
   163972  4.000E-02 4.000E-02  00:00:07 2.224E-07           1  1.754E-03 -2.706E+00
INSTANCE WITH CRITICAL ELEMENT: VUMAT
Output Field Frame Number 120, of  150, at step time 4.000E-02
   165473  4.033E-02 4.033E-02  00:00:07 2.220E-07           1  1.754E-03 -2.735E+00
INSTANCE WITH CRITICAL ELEMENT: VUMAT
Output Field Frame Number 121, of  150, at step time 4.033E-02
   166976  4.067E-02 4.067E-02  00:00:07 2.217E-07           1  1.753E-03 -2.763E+00
INSTANCE WITH CRITICAL ELEMENT: VUMAT
Output Field Frame Number 122, of  150, at step time 4.067E-02
   168481  4.100E-02 4.100E-02  00:00:07 2.214E-07           1  1.752E-03 -2.791E+00
INSTANCE WITH CRITICAL ELEMENT: VUMAT
Output Field Frame Number 123, of  150, at step time 4.100E-02
   169989  4.133E-02 4.133E-02  00:00:07 2.211E-07           1  1.752E-03 -2.818E+00
INSTANCE WITH CRITICAL ELEMENT: VUMAT
Output Field Frame Number 124, of  150, at step time 4.133E-02
   171499  4.167E-02 4.167E-02  00:00:07 2.207E-07           1  1.751E-03 -2.846E+00
INSTANCE WITH CRITICAL ELEMENT: VUMAT
Output Field Frame Number 125, of  150, at step time 4.167E-02
   173011  4.200E-02 4.200E-02  00:00:07 2.204E-07           1  1.751E-03 -2.874E+00
INSTANCE WITH CRITICAL ELEMENT: VUMAT
Output Field Frame Number 126, of  150, at step time 4.200E-02
   174525  4.233E-02 4.233E-02  00:00:07 2.201E-07           1  1.750E-03 -2.902E+00
INSTANCE WITH CRITICAL ELEMENT: VUMAT
Output Field Frame Number 127, of  150, at step time 4.233E-02
   176041  4.267E-02 4.267E-02  00:00:07 2.198E-07           1  1.749E-03 -2.930E+00
INSTANCE WITH CRITICAL ELEMENT: VUMAT
Output Field Frame Number 128, of  150, at step time 4.267E-02
   177560  4.300E-02 4.300E-02  00:00:07 2.194E-07           1  1.749E-03 -2.957E+00
INSTANCE WITH CRITICAL ELEMENT: VUMAT
Output Field Frame Number 129, of  150, at step time 4.300E-02
   179081  4.333E-02 4.333E-02  00:00:07 2.191E-07           1  1.748E-03 -2.985E+00
INSTANCE WITH CRITICAL ELEMENT: VUMAT
Output Field Frame Number 130, of  150, at step time 4.333E-02
   180604  4.367E-02 4.367E-02  00:00:07 2.188E-07           1  1.748E-03 -3.013E+00
INSTANCE WITH CRITICAL ELEMENT: VUMAT
Output Field Frame Number 131, of  150, at step time 4.367E-02
   182129  4.400E-02 4.400E-02  00:00:07 2.185E-07           1  1.747E-03 -3.040E+00
INSTANCE WITH CRITICAL ELEMENT: VUMAT
Output Field Frame Number 132, of  150, at step time 4.400E-02
   183656  4.433E-02 4.433E-02  00:00:07 2.182E-07           1  1.747E-03 -3.068E+00
INSTANCE WITH CRITICAL ELEMENT: VUMAT
Output Field Frame Number 133, of  150, at step time 4.433E-02
   185186  4.467E-02 4.467E-02  00:00:08 2.179E-07           1  1.746E-03 -3.095E+00
INSTANCE WITH CRITICAL ELEMENT: VUMAT
Output Field Frame Number 134, of  150, at step time 4.467E-02
   186718  4.500E-02 4.500E-02  00:00:08 2.175E-07           1  1.746E-03 -3.123E+00
INSTANCE WITH CRITICAL ELEMENT: VUMAT
Output Field Frame Number 135, of  150, at step time 4.500E-02
   188252  4.533E-02 4.533E-02  00:00:08 2.172E-07           1  1.745E-03 -3.150E+00
INSTANCE WITH CRITICAL ELEMENT: VUMAT
Output Field Frame Number 136, of  150, at step time 4.533E-02
   189789  4.567E-02 4.567E-02  00:00:08 2.169E-07           1  1.744E-03 -3.177E+00
INSTANCE WITH CRITICAL ELEMENT: VUMAT
Output Field Frame Number 137, of  150, at step time 4.567E-02
   191328  4.600E-02 4.600E-02  00:00:08 2.166E-07           1  1.744E-03 -3.205E+00
INSTANCE WITH CRITICAL ELEMENT: VUMAT
Output Field Frame Number 138, of  150, at step time 4.600E-02
   192869  4.633E-02 4.633E-02  00:00:08 2.163E-07           1  1.743E-03 -3.232E+00
INSTANCE WITH CRITICAL ELEMENT: VUMAT
Output Field Frame Number 139, of  150, at step time 4.633E-02
   194412  4.667E-02 4.667E-02  00:00:08 2.160E-07           1  1.743E-03 -3.259E+00
INSTANCE WITH CRITICAL ELEMENT: VUMAT
Output Field Frame Number 140, of  150, at step time 4.667E-02
   195957  4.700E-02 4.700E-02  00:00:08 2.157E-07           1  1.742E-03 -3.286E+00
INSTANCE WITH CRITICAL ELEMENT: VUMAT
Output Field Frame Number 141, of  150, at step time 4.700E-02
   197504  4.733E-02 4.733E-02  00:00:08 2.154E-07           1  1.742E-03 -3.313E+00
INSTANCE WITH CRITICAL ELEMENT: VUMAT
Output Field Frame Number 142, of  150, at step time 4.733E-02
   199053  4.767E-02 4.767E-02  00:00:08 2.151E-07           1  1.741E-03 -3.340E+00
INSTANCE WITH CRITICAL ELEMENT: VUMAT
Output Field Frame Number 143, of  150, at step time 4.767E-02
   200605  4.800E-02 4.800E-02  00:00:08 2.148E-07           1  1.741E-03 -3.367E+00
INSTANCE WITH CRITICAL ELEMENT: VUMAT
Output Field Frame Number 144, of  150, at step time 4.800E-02
   202159  4.833E-02 4.833E-02  00:00:08 2.145E-07           1  1.741E-03 -3.394E+00
INSTANCE WITH CRITICAL ELEMENT: VUMAT
Output Field Frame Number 145, of  150, at step time 4.833E-02
   203715  4.867E-02 4.867E-02  00:00:08 2.141E-07           1  1.740E-03 -3.421E+00
INSTANCE WITH CRITICAL ELEMENT: VUMAT
Output Field Frame Number 146, of  150, at step time 4.867E-02
   205274  4.900E-02 4.900E-02  00:00:08 2.138E-07           1  1.740E-03 -3.447E+00
INSTANCE WITH CRITICAL ELEMENT: VUMAT
Output Field Frame Number 147, of  150, at step time 4.900E-02
   206835  4.933E-02 4.933E-02  00:00:08 2.135E-07           1  1.739E-03 -3.474E+00
INSTANCE WITH CRITICAL ELEMENT: VUMAT
Output Field Frame Number 148, of  150, at step time 4.933E-02
   208398  4.967E-02 4.967E-02  00:00:08 2.132E-07           1  1.739E-03 -3.501E+00
INSTANCE WITH CRITICAL ELEMENT: VUMAT
Output Field Frame Number 149, of  150, at step time 4.967E-02
   209963  5.000E-02 5.000E-02  00:00:09 2.129E-07           1  1.738E-03 -3.527E+00
INSTANCE WITH CRITICAL ELEMENT: VUMAT
Restart Number  1 at 5.00000E-02
Output Field Frame Number 150, of  150, at step time 5.000E-02
  EXPLICIT EXECUTABLE TIME SUMMARY
       USER TIME (SEC)      =   5.8700
       SYSTEM TIME (SEC)    =   1.2300
       WALLCLOCK TIME (SEC) =            9
              INIT (SEC) =          0
              MAIN (SEC) =          9

  THE ANALYSIS HAS COMPLETED SUCCESSFULLY

